TN:
SF:src\App.vue
FN:39,render
FNF:1
FNH:0
FNDA:0,render
DA:4,0
DA:5,0
DA:8,0
DA:23,0
DA:25,0
DA:26,0
DA:29,0
DA:30,0
DA:31,0
DA:32,0
DA:35,0
DA:40,0
DA:41,0
DA:42,0
LF:14
LH:0
BRF:0
BRH:0
end_of_record
TN:
SF:src\components\ButtonCount.vue
FN:9,(anonymous_0)
FN:15,(anonymous_1)
FN:18,(anonymous_2)
FN:31,render
FN:34,(anonymous_4)
FN:40,(anonymous_5)
FNF:6
FNH:6
FNDA:1,(anonymous_0)
FNDA:1,(anonymous_1)
FNDA:1,(anonymous_2)
FNDA:3,render
FNDA:1,(anonymous_4)
FNDA:1,(anonymous_5)
DA:4,1
DA:7,1
DA:8,1
DA:10,1
DA:16,1
DA:19,1
DA:23,1
DA:25,1
DA:28,1
DA:29,1
DA:30,1
DA:32,3
DA:34,1
DA:40,1
DA:42,1
LF:15
LH:15
BRDA:34,0,0,3
BRDA:34,0,1,1
BRDA:34,1,0,1
BRDA:34,1,1,1
BRDA:40,2,0,3
BRDA:40,2,1,1
BRDA:40,3,0,1
BRDA:40,3,1,1
BRF:8
BRH:8
end_of_record
